0 verbose cli /usr/local/bin/node /usr/local/bin/npm
1 info using npm@8.19.2
2 info using node@v16.18.0
3 timing npm:load:whichnode Completed in 0ms
4 timing config:load:defaults Completed in 1ms
5 timing config:load:file:/usr/local/lib/node_modules/npm/npmrc Completed in 1ms
6 timing config:load:builtin Completed in 1ms
7 timing config:load:cli Completed in 2ms
8 timing config:load:env Completed in 0ms
9 timing config:load:file:/front_end/.npmrc Completed in 2ms
10 timing config:load:project Completed in 3ms
11 timing config:load:file:/front_end/src/.npmrc Completed in 0ms
12 timing config:load:user Completed in 1ms
13 timing config:load:file:/usr/local/etc/npmrc Completed in 0ms
14 timing config:load:global Completed in 0ms
15 timing config:load:validate Completed in 1ms
16 timing config:load:credentials Completed in 1ms
17 timing config:load:setEnvs Completed in 1ms
18 timing config:load Completed in 11ms
19 timing npm:load:configload Completed in 11ms
20 timing npm:load:mkdirpcache Completed in 1ms
21 timing npm:load:mkdirplogs Completed in 2ms
22 verbose title npm run dev
23 verbose argv "run" "dev"
24 timing npm:load:setTitle Completed in 1ms
25 timing config:load:flatten Completed in 1ms
26 timing npm:load:display Completed in 2ms
27 verbose logfile logs-max:10 dir:/front_end/src/.npm/_logs
28 verbose logfile /front_end/src/.npm/_logs/2022-10-20T11_24_12_921Z-debug-0.log
29 timing npm:load:logFile Completed in 3ms
30 timing npm:load:timers Completed in 0ms
31 timing npm:load:configScope Completed in 0ms
32 timing npm:load Completed in 20ms
33 silly logfile done cleaning log files
34 timing command:run Completed in 5ms
35 verbose stack Error: ENOENT: no such file or directory, open '/front_end/package.json'
36 verbose cwd /front_end
37 verbose Linux 5.10.16.3-microsoft-standard-WSL2
38 verbose node v16.18.0
39 verbose npm  v8.19.2
40 error code ENOENT
41 error syscall open
42 error path /front_end/package.json
43 error errno -2
44 error enoent ENOENT: no such file or directory, open '/front_end/package.json'
45 error enoent This is related to npm not being able to find a file.
45 error enoent
46 verbose exit -2
47 timing npm Completed in 37ms
48 verbose code -2
49 error A complete log of this run can be found in:
49 error     /front_end/src/.npm/_logs/2022-10-20T11_24_12_921Z-debug-0.log
