0 verbose cli /usr/local/bin/node /usr/local/bin/npm
1 info using npm@8.19.2
2 info using node@v16.18.0
3 timing npm:load:whichnode Completed in 0ms
4 timing config:load:defaults Completed in 1ms
5 timing config:load:file:/usr/local/lib/node_modules/npm/npmrc Completed in 1ms
6 timing config:load:builtin Completed in 1ms
7 timing config:load:cli Completed in 1ms
8 timing config:load:env Completed in 0ms
9 timing config:load:project Completed in 1ms
10 timing config:load:file:/front_end/src/.npmrc Completed in 0ms
11 timing config:load:user Completed in 0ms
12 timing config:load:file:/usr/local/etc/npmrc Completed in 0ms
13 timing config:load:global Completed in 1ms
14 timing config:load:validate Completed in 0ms
15 timing config:load:credentials Completed in 1ms
16 timing config:load:setEnvs Completed in 0ms
17 timing config:load Completed in 6ms
18 timing npm:load:configload Completed in 6ms
19 timing npm:load:mkdirpcache Completed in 3ms
20 timing npm:load:mkdirplogs Completed in 1ms
21 verbose title npm run dev
22 verbose argv "run" "dev"
23 timing npm:load:setTitle Completed in 1ms
24 timing config:load:flatten Completed in 2ms
25 timing npm:load:display Completed in 3ms
26 verbose logfile logs-max:10 dir:/front_end/src/.npm/_logs
27 verbose logfile /front_end/src/.npm/_logs/2022-10-20T11_29_58_939Z-debug-0.log
28 timing npm:load:logFile Completed in 3ms
29 timing npm:load:timers Completed in 0ms
30 timing npm:load:configScope Completed in 0ms
31 timing npm:load Completed in 18ms
32 silly logfile done cleaning log files
33 timing command:run Completed in 7ms
34 verbose stack Error: ENOENT: no such file or directory, open '/front_end/src/package.json'
35 verbose cwd /front_end/src
36 verbose Linux 5.10.16.3-microsoft-standard-WSL2
37 verbose node v16.18.0
38 verbose npm  v8.19.2
39 error code ENOENT
40 error syscall open
41 error path /front_end/src/package.json
42 error errno -2
43 error enoent ENOENT: no such file or directory, open '/front_end/src/package.json'
44 error enoent This is related to npm not being able to find a file.
44 error enoent
45 verbose exit -2
46 timing npm Completed in 33ms
47 verbose code -2
48 error A complete log of this run can be found in:
48 error     /front_end/src/.npm/_logs/2022-10-20T11_29_58_939Z-debug-0.log
